2024-04-19 18:33:29 — INFO — Running with edr=0.14.1
2024-04-19 18:40:37 — INFO — Running with edr=0.14.1
2024-04-19 18:40:38 — INFO — Installing packages for edr internal dbt package...
2024-04-19 18:40:38 — INFO — Running dbt --log-format json deps --project-dir /usr/local/lib/python3.9/site-packages/elementary/monitor/dbt_project --profiles-dir /root
2024-04-19 18:40:45 — DEBUG — Result bytes size for command '['dbt', '--log-format', 'json', 'deps', '--project-dir', '/usr/local/lib/python3.9/site-packages/elementary/monitor/dbt_project', '--profiles-dir', '/root']' is 3336
2024-04-19 18:40:45 — INFO — Running with dbt=1.7.13
2024-04-19 18:40:45 — INFO — Updating lock file in file path: /usr/local/lib/python3.9/site-packages/elementary/monitor/dbt_project/package-lock.yml
2024-04-19 18:40:45 — INFO — Installing dbt-labs/dbt_utils
2024-04-19 18:40:45 — INFO — Installed from version 0.8.6
2024-04-19 18:40:45 — INFO — Updated version available: 1.1.1
2024-04-19 18:40:45 — INFO — Installing elementary-data/elementary
2024-04-19 18:40:45 — INFO — Installed from version 0.14.1
2024-04-19 18:40:45 — INFO — Up to date!
2024-04-19 18:40:45 — INFO — 
2024-04-19 18:40:45 — INFO — Updates available for packages: ['dbt-labs/dbt_utils']                 
Update your versions in packages.yml, then run dbt deps
2024-04-19 18:40:45 — DEBUG — Running dbt --log-format json run-operation elementary.log_macro_results --args {"macro_name": "elementary_cli.get_latest_invocation", "macro_args": {}} --project-dir /usr/local/lib/python3.9/site-packages/elementary/monitor/dbt_project --profiles-dir /root
2024-04-19 18:40:59 — DEBUG — Result bytes size for command '['dbt', '--log-format', 'json', 'run-operation', 'elementary.log_macro_results', '--args', '{"macro_name": "elementary_cli.get_latest_invocation", "macro_args": {}}', '--project-dir', '/usr/local/lib/python3.9/site-packages/elementary/monitor/dbt_project', '--profiles-dir', '/root']' is 3902
2024-04-19 18:40:59 — DEBUG — Running dbt --log-format json run-operation elementary.log_macro_results --args {"macro_name": "elementary_cli.get_adapter_type_and_unique_id", "macro_args": {}} --project-dir /usr/local/lib/python3.9/site-packages/elementary/monitor/dbt_project --profiles-dir /root
2024-04-19 18:41:05 — DEBUG — Result bytes size for command '['dbt', '--log-format', 'json', 'run-operation', 'elementary.log_macro_results', '--args', '{"macro_name": "elementary_cli.get_adapter_type_and_unique_id", "macro_args": {}}', '--project-dir', '/usr/local/lib/python3.9/site-packages/elementary/monitor/dbt_project', '--profiles-dir', '/root']' is 1508
2024-04-19 18:41:05 — INFO — edr (0.14.1) and Elementary's dbt package (0.14.1) are compatible.
2024-04-19 18:41:05 — DEBUG — Running dbt --log-format json run-operation elementary.log_macro_results --args {"macro_name": "elementary_cli.get_elementary_database_and_schema", "macro_args": {}} --project-dir /usr/local/lib/python3.9/site-packages/elementary/monitor/dbt_project --profiles-dir /root
2024-04-19 18:41:11 — DEBUG — Result bytes size for command '['dbt', '--log-format', 'json', 'run-operation', 'elementary.log_macro_results', '--args', '{"macro_name": "elementary_cli.get_elementary_database_and_schema", "macro_args": {}}', '--project-dir', '/usr/local/lib/python3.9/site-packages/elementary/monitor/dbt_project', '--profiles-dir', '/root']' is 1500
2024-04-19 18:41:11 — INFO — Elementary's database and schema: '"destination_db.public_elementary"'
2024-04-19 18:41:11 — INFO — Running dbt --log-format json run-operation elementary.log_macro_results --args {"macro_name": "elementary_cli.get_test_results", "macro_args": {"days_back": 7, "invocations_per_test": 720, "disable_passed_test_metrics": false}} --project-dir /usr/local/lib/python3.9/site-packages/elementary/monitor/dbt_project --profiles-dir /root
2024-04-19 18:41:17 — DEBUG — Result bytes size for command '['dbt', '--log-format', 'json', 'run-operation', 'elementary.log_macro_results', '--args', '{"macro_name": "elementary_cli.get_test_results", "macro_args": {"days_back": 7, "invocations_per_test": 720, "disable_passed_test_metrics": false}}', '--project-dir', '/usr/local/lib/python3.9/site-packages/elementary/monitor/dbt_project', '--profiles-dir', '/root']' is 50654
2024-04-19 18:41:17 — INFO — Running dbt --log-format json run-operation elementary.log_macro_results --args {"macro_name": "elementary_cli.get_source_freshness_results", "macro_args": {"days_back": 7, "invocations_per_test": 720}} --project-dir /usr/local/lib/python3.9/site-packages/elementary/monitor/dbt_project --profiles-dir /root
2024-04-19 18:41:23 — DEBUG — Result bytes size for command '['dbt', '--log-format', 'json', 'run-operation', 'elementary.log_macro_results', '--args', '{"macro_name": "elementary_cli.get_source_freshness_results", "macro_args": {"days_back": 7, "invocations_per_test": 720}}', '--project-dir', '/usr/local/lib/python3.9/site-packages/elementary/monitor/dbt_project', '--profiles-dir', '/root']' is 1432
2024-04-19 18:41:23 — INFO — Running dbt --log-format json run-operation elementary.log_macro_results --args {"macro_name": "elementary_cli.get_models", "macro_args": {"exclude_elementary": true}} --project-dir /usr/local/lib/python3.9/site-packages/elementary/monitor/dbt_project --profiles-dir /root
2024-04-19 18:41:30 — DEBUG — Result bytes size for command '['dbt', '--log-format', 'json', 'run-operation', 'elementary.log_macro_results', '--args', '{"macro_name": "elementary_cli.get_models", "macro_args": {"exclude_elementary": true}}', '--project-dir', '/usr/local/lib/python3.9/site-packages/elementary/monitor/dbt_project', '--profiles-dir', '/root']' is 10028
2024-04-19 18:41:30 — INFO — Running dbt --log-format json run-operation elementary.log_macro_results --args {"macro_name": "elementary_cli.get_sources", "macro_args": {}} --project-dir /usr/local/lib/python3.9/site-packages/elementary/monitor/dbt_project --profiles-dir /root
2024-04-19 18:41:36 — DEBUG — Result bytes size for command '['dbt', '--log-format', 'json', 'run-operation', 'elementary.log_macro_results', '--args', '{"macro_name": "elementary_cli.get_sources", "macro_args": {}}', '--project-dir', '/usr/local/lib/python3.9/site-packages/elementary/monitor/dbt_project', '--profiles-dir', '/root']' is 3790
2024-04-19 18:41:36 — INFO — Running dbt --log-format json run-operation elementary.log_macro_results --args {"macro_name": "elementary_cli.get_exposures", "macro_args": {}} --project-dir /usr/local/lib/python3.9/site-packages/elementary/monitor/dbt_project --profiles-dir /root
2024-04-19 18:41:42 — DEBUG — Result bytes size for command '['dbt', '--log-format', 'json', 'run-operation', 'elementary.log_macro_results', '--args', '{"macro_name": "elementary_cli.get_exposures", "macro_args": {}}', '--project-dir', '/usr/local/lib/python3.9/site-packages/elementary/monitor/dbt_project', '--profiles-dir', '/root']' is 1432
2024-04-19 18:41:42 — INFO — Running dbt --log-format json run-operation elementary.log_macro_results --args {"macro_name": "elementary_cli.get_models_runs", "macro_args": {"days_back": 7, "exclude_elementary": true}} --project-dir /usr/local/lib/python3.9/site-packages/elementary/monitor/dbt_project --profiles-dir /root
2024-04-19 18:41:48 — DEBUG — Result bytes size for command '['dbt', '--log-format', 'json', 'run-operation', 'elementary.log_macro_results', '--args', '{"macro_name": "elementary_cli.get_models_runs", "macro_args": {"days_back": 7, "exclude_elementary": true}}', '--project-dir', '/usr/local/lib/python3.9/site-packages/elementary/monitor/dbt_project', '--profiles-dir', '/root']' is 17062
2024-04-19 18:41:48 — INFO — Running dbt --log-format json run-operation elementary.log_macro_results --args {"macro_name": "elementary_cli.get_dbt_models_test_coverage", "macro_args": {}} --project-dir /usr/local/lib/python3.9/site-packages/elementary/monitor/dbt_project --profiles-dir /root
2024-04-19 18:41:54 — DEBUG — Result bytes size for command '['dbt', '--log-format', 'json', 'run-operation', 'elementary.log_macro_results', '--args', '{"macro_name": "elementary_cli.get_dbt_models_test_coverage", "macro_args": {}}', '--project-dir', '/usr/local/lib/python3.9/site-packages/elementary/monitor/dbt_project', '--profiles-dir', '/root']' is 1830
2024-04-19 18:41:54 — INFO — Running dbt --log-format json run-operation elementary.log_macro_results --args {"macro_name": "elementary_cli.get_nodes_depends_on_nodes", "macro_args": {"exclude_elementary": true}} --project-dir /usr/local/lib/python3.9/site-packages/elementary/monitor/dbt_project --profiles-dir /root
2024-04-19 18:42:00 — DEBUG — Result bytes size for command '['dbt', '--log-format', 'json', 'run-operation', 'elementary.log_macro_results', '--args', '{"macro_name": "elementary_cli.get_nodes_depends_on_nodes", "macro_args": {"exclude_elementary": true}}', '--project-dir', '/usr/local/lib/python3.9/site-packages/elementary/monitor/dbt_project', '--profiles-dir', '/root']' is 6530
2024-04-19 18:42:00 — INFO — Running dbt --log-format json run-operation elementary.log_macro_results --args {"macro_name": "elementary_cli.get_models_latest_invocation", "macro_args": {}} --project-dir /usr/local/lib/python3.9/site-packages/elementary/monitor/dbt_project --profiles-dir /root
2024-04-19 18:42:06 — DEBUG — Result bytes size for command '['dbt', '--log-format', 'json', 'run-operation', 'elementary.log_macro_results', '--args', '{"macro_name": "elementary_cli.get_models_latest_invocation", "macro_args": {}}', '--project-dir', '/usr/local/lib/python3.9/site-packages/elementary/monitor/dbt_project', '--profiles-dir', '/root']' is 10966
2024-04-19 18:42:06 — INFO — Running dbt --log-format json run-operation elementary.log_macro_results --args {"macro_name": "elementary_cli.get_models_latest_invocations_data", "macro_args": {}} --project-dir /usr/local/lib/python3.9/site-packages/elementary/monitor/dbt_project --profiles-dir /root
2024-04-19 18:42:12 — DEBUG — Result bytes size for command '['dbt', '--log-format', 'json', 'run-operation', 'elementary.log_macro_results', '--args', '{"macro_name": "elementary_cli.get_models_latest_invocations_data", "macro_args": {}}', '--project-dir', '/usr/local/lib/python3.9/site-packages/elementary/monitor/dbt_project', '--profiles-dir', '/root']' is 2316
2024-04-19 19:07:06 — INFO — Running with edr=0.14.1
2024-04-19 19:07:06 — INFO — Installing packages for edr internal dbt package...
2024-04-19 19:07:06 — INFO — Running dbt --log-format json deps --project-dir /usr/local/lib/python3.9/site-packages/elementary/monitor/dbt_project --profiles-dir /root
2024-04-19 19:07:14 — DEBUG — Result bytes size for command '['dbt', '--log-format', 'json', 'deps', '--project-dir', '/usr/local/lib/python3.9/site-packages/elementary/monitor/dbt_project', '--profiles-dir', '/root']' is 3336
2024-04-19 19:07:14 — INFO — Running with dbt=1.7.13
2024-04-19 19:07:14 — INFO — Updating lock file in file path: /usr/local/lib/python3.9/site-packages/elementary/monitor/dbt_project/package-lock.yml
2024-04-19 19:07:14 — INFO — Installing dbt-labs/dbt_utils
2024-04-19 19:07:14 — INFO — Installed from version 0.8.6
2024-04-19 19:07:14 — INFO — Updated version available: 1.1.1
2024-04-19 19:07:14 — INFO — Installing elementary-data/elementary
2024-04-19 19:07:14 — INFO — Installed from version 0.14.1
2024-04-19 19:07:14 — INFO — Up to date!
2024-04-19 19:07:14 — INFO — 
2024-04-19 19:07:14 — INFO — Updates available for packages: ['dbt-labs/dbt_utils']                 
Update your versions in packages.yml, then run dbt deps
2024-04-19 19:07:14 — DEBUG — Running dbt --log-format json run-operation elementary.log_macro_results --args {"macro_name": "elementary_cli.get_latest_invocation", "macro_args": {}} --project-dir /usr/local/lib/python3.9/site-packages/elementary/monitor/dbt_project --profiles-dir /root
2024-04-19 19:07:28 — DEBUG — Result bytes size for command '['dbt', '--log-format', 'json', 'run-operation', 'elementary.log_macro_results', '--args', '{"macro_name": "elementary_cli.get_latest_invocation", "macro_args": {}}', '--project-dir', '/usr/local/lib/python3.9/site-packages/elementary/monitor/dbt_project', '--profiles-dir', '/root']' is 3902
2024-04-19 19:07:28 — DEBUG — Running dbt --log-format json run-operation elementary.log_macro_results --args {"macro_name": "elementary_cli.get_adapter_type_and_unique_id", "macro_args": {}} --project-dir /usr/local/lib/python3.9/site-packages/elementary/monitor/dbt_project --profiles-dir /root
2024-04-19 19:07:35 — DEBUG — Result bytes size for command '['dbt', '--log-format', 'json', 'run-operation', 'elementary.log_macro_results', '--args', '{"macro_name": "elementary_cli.get_adapter_type_and_unique_id", "macro_args": {}}', '--project-dir', '/usr/local/lib/python3.9/site-packages/elementary/monitor/dbt_project', '--profiles-dir', '/root']' is 1508
2024-04-19 19:07:35 — INFO — edr (0.14.1) and Elementary's dbt package (0.14.1) are compatible.
2024-04-19 19:07:35 — DEBUG — Running dbt --log-format json run-operation elementary.log_macro_results --args {"macro_name": "elementary_cli.get_elementary_database_and_schema", "macro_args": {}} --project-dir /usr/local/lib/python3.9/site-packages/elementary/monitor/dbt_project --profiles-dir /root
2024-04-19 19:07:43 — DEBUG — Result bytes size for command '['dbt', '--log-format', 'json', 'run-operation', 'elementary.log_macro_results', '--args', '{"macro_name": "elementary_cli.get_elementary_database_and_schema", "macro_args": {}}', '--project-dir', '/usr/local/lib/python3.9/site-packages/elementary/monitor/dbt_project', '--profiles-dir', '/root']' is 1500
2024-04-19 19:07:43 — INFO — Elementary's database and schema: '"destination_db.public_elementary"'
2024-04-19 19:07:43 — INFO — Running dbt --log-format json run-operation elementary.log_macro_results --args {"macro_name": "elementary_cli.get_test_results", "macro_args": {"days_back": 7, "invocations_per_test": 720, "disable_passed_test_metrics": false}} --project-dir /usr/local/lib/python3.9/site-packages/elementary/monitor/dbt_project --profiles-dir /root
2024-04-19 19:07:48 — DEBUG — Result bytes size for command '['dbt', '--log-format', 'json', 'run-operation', 'elementary.log_macro_results', '--args', '{"macro_name": "elementary_cli.get_test_results", "macro_args": {"days_back": 7, "invocations_per_test": 720, "disable_passed_test_metrics": false}}', '--project-dir', '/usr/local/lib/python3.9/site-packages/elementary/monitor/dbt_project', '--profiles-dir', '/root']' is 50654
2024-04-19 19:07:48 — INFO — Running dbt --log-format json run-operation elementary.log_macro_results --args {"macro_name": "elementary_cli.get_source_freshness_results", "macro_args": {"days_back": 7, "invocations_per_test": 720}} --project-dir /usr/local/lib/python3.9/site-packages/elementary/monitor/dbt_project --profiles-dir /root
2024-04-19 19:07:55 — DEBUG — Result bytes size for command '['dbt', '--log-format', 'json', 'run-operation', 'elementary.log_macro_results', '--args', '{"macro_name": "elementary_cli.get_source_freshness_results", "macro_args": {"days_back": 7, "invocations_per_test": 720}}', '--project-dir', '/usr/local/lib/python3.9/site-packages/elementary/monitor/dbt_project', '--profiles-dir', '/root']' is 1432
2024-04-19 19:07:55 — INFO — Running dbt --log-format json run-operation elementary.log_macro_results --args {"macro_name": "elementary_cli.get_models", "macro_args": {"exclude_elementary": true}} --project-dir /usr/local/lib/python3.9/site-packages/elementary/monitor/dbt_project --profiles-dir /root
2024-04-19 19:08:00 — DEBUG — Result bytes size for command '['dbt', '--log-format', 'json', 'run-operation', 'elementary.log_macro_results', '--args', '{"macro_name": "elementary_cli.get_models", "macro_args": {"exclude_elementary": true}}', '--project-dir', '/usr/local/lib/python3.9/site-packages/elementary/monitor/dbt_project', '--profiles-dir', '/root']' is 10028
2024-04-19 19:08:00 — INFO — Running dbt --log-format json run-operation elementary.log_macro_results --args {"macro_name": "elementary_cli.get_sources", "macro_args": {}} --project-dir /usr/local/lib/python3.9/site-packages/elementary/monitor/dbt_project --profiles-dir /root
2024-04-19 19:08:06 — DEBUG — Result bytes size for command '['dbt', '--log-format', 'json', 'run-operation', 'elementary.log_macro_results', '--args', '{"macro_name": "elementary_cli.get_sources", "macro_args": {}}', '--project-dir', '/usr/local/lib/python3.9/site-packages/elementary/monitor/dbt_project', '--profiles-dir', '/root']' is 3790
2024-04-19 19:08:06 — INFO — Running dbt --log-format json run-operation elementary.log_macro_results --args {"macro_name": "elementary_cli.get_exposures", "macro_args": {}} --project-dir /usr/local/lib/python3.9/site-packages/elementary/monitor/dbt_project --profiles-dir /root
2024-04-19 19:08:12 — DEBUG — Result bytes size for command '['dbt', '--log-format', 'json', 'run-operation', 'elementary.log_macro_results', '--args', '{"macro_name": "elementary_cli.get_exposures", "macro_args": {}}', '--project-dir', '/usr/local/lib/python3.9/site-packages/elementary/monitor/dbt_project', '--profiles-dir', '/root']' is 1432
2024-04-19 19:08:12 — INFO — Running dbt --log-format json run-operation elementary.log_macro_results --args {"macro_name": "elementary_cli.get_models_runs", "macro_args": {"days_back": 7, "exclude_elementary": true}} --project-dir /usr/local/lib/python3.9/site-packages/elementary/monitor/dbt_project --profiles-dir /root
2024-04-19 19:08:18 — DEBUG — Result bytes size for command '['dbt', '--log-format', 'json', 'run-operation', 'elementary.log_macro_results', '--args', '{"macro_name": "elementary_cli.get_models_runs", "macro_args": {"days_back": 7, "exclude_elementary": true}}', '--project-dir', '/usr/local/lib/python3.9/site-packages/elementary/monitor/dbt_project', '--profiles-dir', '/root']' is 17062
2024-04-19 19:08:18 — INFO — Running dbt --log-format json run-operation elementary.log_macro_results --args {"macro_name": "elementary_cli.get_dbt_models_test_coverage", "macro_args": {}} --project-dir /usr/local/lib/python3.9/site-packages/elementary/monitor/dbt_project --profiles-dir /root
2024-04-19 19:08:24 — DEBUG — Result bytes size for command '['dbt', '--log-format', 'json', 'run-operation', 'elementary.log_macro_results', '--args', '{"macro_name": "elementary_cli.get_dbt_models_test_coverage", "macro_args": {}}', '--project-dir', '/usr/local/lib/python3.9/site-packages/elementary/monitor/dbt_project', '--profiles-dir', '/root']' is 1830
2024-04-19 19:08:24 — INFO — Running dbt --log-format json run-operation elementary.log_macro_results --args {"macro_name": "elementary_cli.get_nodes_depends_on_nodes", "macro_args": {"exclude_elementary": true}} --project-dir /usr/local/lib/python3.9/site-packages/elementary/monitor/dbt_project --profiles-dir /root
2024-04-19 19:08:30 — DEBUG — Result bytes size for command '['dbt', '--log-format', 'json', 'run-operation', 'elementary.log_macro_results', '--args', '{"macro_name": "elementary_cli.get_nodes_depends_on_nodes", "macro_args": {"exclude_elementary": true}}', '--project-dir', '/usr/local/lib/python3.9/site-packages/elementary/monitor/dbt_project', '--profiles-dir', '/root']' is 6530
2024-04-19 19:08:30 — INFO — Running dbt --log-format json run-operation elementary.log_macro_results --args {"macro_name": "elementary_cli.get_models_latest_invocation", "macro_args": {}} --project-dir /usr/local/lib/python3.9/site-packages/elementary/monitor/dbt_project --profiles-dir /root
2024-04-19 19:08:36 — DEBUG — Result bytes size for command '['dbt', '--log-format', 'json', 'run-operation', 'elementary.log_macro_results', '--args', '{"macro_name": "elementary_cli.get_models_latest_invocation", "macro_args": {}}', '--project-dir', '/usr/local/lib/python3.9/site-packages/elementary/monitor/dbt_project', '--profiles-dir', '/root']' is 10966
2024-04-19 19:08:36 — INFO — Running dbt --log-format json run-operation elementary.log_macro_results --args {"macro_name": "elementary_cli.get_models_latest_invocations_data", "macro_args": {}} --project-dir /usr/local/lib/python3.9/site-packages/elementary/monitor/dbt_project --profiles-dir /root
2024-04-19 19:08:41 — DEBUG — Result bytes size for command '['dbt', '--log-format', 'json', 'run-operation', 'elementary.log_macro_results', '--args', '{"macro_name": "elementary_cli.get_models_latest_invocations_data", "macro_args": {}}', '--project-dir', '/usr/local/lib/python3.9/site-packages/elementary/monitor/dbt_project', '--profiles-dir', '/root']' is 2316
2024-04-19 19:15:53 — INFO — Running with edr=0.14.1
2024-04-19 19:15:53 — INFO — Installing packages for edr internal dbt package...
2024-04-19 19:15:53 — INFO — Running dbt --log-format json deps --project-dir /usr/local/lib/python3.9/site-packages/elementary/monitor/dbt_project --profiles-dir /root
2024-04-19 19:16:00 — DEBUG — Result bytes size for command '['dbt', '--log-format', 'json', 'deps', '--project-dir', '/usr/local/lib/python3.9/site-packages/elementary/monitor/dbt_project', '--profiles-dir', '/root']' is 3333
2024-04-19 19:16:00 — INFO — Running with dbt=1.7.13
2024-04-19 19:16:00 — INFO — Updating lock file in file path: /usr/local/lib/python3.9/site-packages/elementary/monitor/dbt_project/package-lock.yml
2024-04-19 19:16:00 — INFO — Installing dbt-labs/dbt_utils
2024-04-19 19:16:00 — INFO — Installed from version 0.8.6
2024-04-19 19:16:00 — INFO — Updated version available: 1.1.1
2024-04-19 19:16:00 — INFO — Installing elementary-data/elementary
2024-04-19 19:16:00 — INFO — Installed from version 0.14.1
2024-04-19 19:16:00 — INFO — Up to date!
2024-04-19 19:16:00 — INFO — 
2024-04-19 19:16:00 — INFO — Updates available for packages: ['dbt-labs/dbt_utils']                 
Update your versions in packages.yml, then run dbt deps
2024-04-19 19:16:00 — DEBUG — Running dbt --log-format json run-operation elementary.log_macro_results --args {"macro_name": "elementary_cli.get_latest_invocation", "macro_args": {}} --project-dir /usr/local/lib/python3.9/site-packages/elementary/monitor/dbt_project --profiles-dir /root
2024-04-19 19:16:13 — DEBUG — Result bytes size for command '['dbt', '--log-format', 'json', 'run-operation', 'elementary.log_macro_results', '--args', '{"macro_name": "elementary_cli.get_latest_invocation", "macro_args": {}}', '--project-dir', '/usr/local/lib/python3.9/site-packages/elementary/monitor/dbt_project', '--profiles-dir', '/root']' is 3902
2024-04-19 19:16:13 — DEBUG — Running dbt --log-format json run-operation elementary.log_macro_results --args {"macro_name": "elementary_cli.get_adapter_type_and_unique_id", "macro_args": {}} --project-dir /usr/local/lib/python3.9/site-packages/elementary/monitor/dbt_project --profiles-dir /root
2024-04-19 19:16:19 — DEBUG — Result bytes size for command '['dbt', '--log-format', 'json', 'run-operation', 'elementary.log_macro_results', '--args', '{"macro_name": "elementary_cli.get_adapter_type_and_unique_id", "macro_args": {}}', '--project-dir', '/usr/local/lib/python3.9/site-packages/elementary/monitor/dbt_project', '--profiles-dir', '/root']' is 1508
2024-04-19 19:16:19 — INFO — edr (0.14.1) and Elementary's dbt package (0.14.1) are compatible.
2024-04-19 19:16:19 — DEBUG — Running dbt --log-format json run-operation elementary.log_macro_results --args {"macro_name": "elementary_cli.get_elementary_database_and_schema", "macro_args": {}} --project-dir /usr/local/lib/python3.9/site-packages/elementary/monitor/dbt_project --profiles-dir /root
2024-04-19 19:16:25 — DEBUG — Result bytes size for command '['dbt', '--log-format', 'json', 'run-operation', 'elementary.log_macro_results', '--args', '{"macro_name": "elementary_cli.get_elementary_database_and_schema", "macro_args": {}}', '--project-dir', '/usr/local/lib/python3.9/site-packages/elementary/monitor/dbt_project', '--profiles-dir', '/root']' is 1500
2024-04-19 19:16:25 — INFO — Elementary's database and schema: '"destination_db.public_elementary"'
2024-04-19 19:16:25 — INFO — Running dbt --log-format json run-operation elementary.log_macro_results --args {"macro_name": "elementary_cli.get_test_results", "macro_args": {"days_back": 7, "invocations_per_test": 720, "disable_passed_test_metrics": false}} --project-dir /usr/local/lib/python3.9/site-packages/elementary/monitor/dbt_project --profiles-dir /root
2024-04-19 19:16:31 — DEBUG — Result bytes size for command '['dbt', '--log-format', 'json', 'run-operation', 'elementary.log_macro_results', '--args', '{"macro_name": "elementary_cli.get_test_results", "macro_args": {"days_back": 7, "invocations_per_test": 720, "disable_passed_test_metrics": false}}', '--project-dir', '/usr/local/lib/python3.9/site-packages/elementary/monitor/dbt_project', '--profiles-dir', '/root']' is 50654
2024-04-19 19:16:31 — INFO — Running dbt --log-format json run-operation elementary.log_macro_results --args {"macro_name": "elementary_cli.get_source_freshness_results", "macro_args": {"days_back": 7, "invocations_per_test": 720}} --project-dir /usr/local/lib/python3.9/site-packages/elementary/monitor/dbt_project --profiles-dir /root
2024-04-19 19:16:36 — DEBUG — Result bytes size for command '['dbt', '--log-format', 'json', 'run-operation', 'elementary.log_macro_results', '--args', '{"macro_name": "elementary_cli.get_source_freshness_results", "macro_args": {"days_back": 7, "invocations_per_test": 720}}', '--project-dir', '/usr/local/lib/python3.9/site-packages/elementary/monitor/dbt_project', '--profiles-dir', '/root']' is 1432
2024-04-19 19:16:36 — INFO — Running dbt --log-format json run-operation elementary.log_macro_results --args {"macro_name": "elementary_cli.get_models", "macro_args": {"exclude_elementary": true}} --project-dir /usr/local/lib/python3.9/site-packages/elementary/monitor/dbt_project --profiles-dir /root
2024-04-19 19:16:42 — DEBUG — Result bytes size for command '['dbt', '--log-format', 'json', 'run-operation', 'elementary.log_macro_results', '--args', '{"macro_name": "elementary_cli.get_models", "macro_args": {"exclude_elementary": true}}', '--project-dir', '/usr/local/lib/python3.9/site-packages/elementary/monitor/dbt_project', '--profiles-dir', '/root']' is 10028
2024-04-19 19:16:42 — INFO — Running dbt --log-format json run-operation elementary.log_macro_results --args {"macro_name": "elementary_cli.get_sources", "macro_args": {}} --project-dir /usr/local/lib/python3.9/site-packages/elementary/monitor/dbt_project --profiles-dir /root
2024-04-19 19:16:48 — DEBUG — Result bytes size for command '['dbt', '--log-format', 'json', 'run-operation', 'elementary.log_macro_results', '--args', '{"macro_name": "elementary_cli.get_sources", "macro_args": {}}', '--project-dir', '/usr/local/lib/python3.9/site-packages/elementary/monitor/dbt_project', '--profiles-dir', '/root']' is 3790
2024-04-19 19:16:48 — INFO — Running dbt --log-format json run-operation elementary.log_macro_results --args {"macro_name": "elementary_cli.get_exposures", "macro_args": {}} --project-dir /usr/local/lib/python3.9/site-packages/elementary/monitor/dbt_project --profiles-dir /root
2024-04-19 19:16:54 — DEBUG — Result bytes size for command '['dbt', '--log-format', 'json', 'run-operation', 'elementary.log_macro_results', '--args', '{"macro_name": "elementary_cli.get_exposures", "macro_args": {}}', '--project-dir', '/usr/local/lib/python3.9/site-packages/elementary/monitor/dbt_project', '--profiles-dir', '/root']' is 1432
2024-04-19 19:16:54 — INFO — Running dbt --log-format json run-operation elementary.log_macro_results --args {"macro_name": "elementary_cli.get_models_runs", "macro_args": {"days_back": 7, "exclude_elementary": true}} --project-dir /usr/local/lib/python3.9/site-packages/elementary/monitor/dbt_project --profiles-dir /root
2024-04-19 19:17:00 — DEBUG — Result bytes size for command '['dbt', '--log-format', 'json', 'run-operation', 'elementary.log_macro_results', '--args', '{"macro_name": "elementary_cli.get_models_runs", "macro_args": {"days_back": 7, "exclude_elementary": true}}', '--project-dir', '/usr/local/lib/python3.9/site-packages/elementary/monitor/dbt_project', '--profiles-dir', '/root']' is 17062
2024-04-19 19:17:00 — INFO — Running dbt --log-format json run-operation elementary.log_macro_results --args {"macro_name": "elementary_cli.get_dbt_models_test_coverage", "macro_args": {}} --project-dir /usr/local/lib/python3.9/site-packages/elementary/monitor/dbt_project --profiles-dir /root
2024-04-19 19:17:06 — DEBUG — Result bytes size for command '['dbt', '--log-format', 'json', 'run-operation', 'elementary.log_macro_results', '--args', '{"macro_name": "elementary_cli.get_dbt_models_test_coverage", "macro_args": {}}', '--project-dir', '/usr/local/lib/python3.9/site-packages/elementary/monitor/dbt_project', '--profiles-dir', '/root']' is 1830
2024-04-19 19:17:06 — INFO — Running dbt --log-format json run-operation elementary.log_macro_results --args {"macro_name": "elementary_cli.get_nodes_depends_on_nodes", "macro_args": {"exclude_elementary": true}} --project-dir /usr/local/lib/python3.9/site-packages/elementary/monitor/dbt_project --profiles-dir /root
2024-04-19 19:17:11 — DEBUG — Result bytes size for command '['dbt', '--log-format', 'json', 'run-operation', 'elementary.log_macro_results', '--args', '{"macro_name": "elementary_cli.get_nodes_depends_on_nodes", "macro_args": {"exclude_elementary": true}}', '--project-dir', '/usr/local/lib/python3.9/site-packages/elementary/monitor/dbt_project', '--profiles-dir', '/root']' is 6530
2024-04-19 19:17:11 — INFO — Running dbt --log-format json run-operation elementary.log_macro_results --args {"macro_name": "elementary_cli.get_models_latest_invocation", "macro_args": {}} --project-dir /usr/local/lib/python3.9/site-packages/elementary/monitor/dbt_project --profiles-dir /root
2024-04-19 19:17:17 — DEBUG — Result bytes size for command '['dbt', '--log-format', 'json', 'run-operation', 'elementary.log_macro_results', '--args', '{"macro_name": "elementary_cli.get_models_latest_invocation", "macro_args": {}}', '--project-dir', '/usr/local/lib/python3.9/site-packages/elementary/monitor/dbt_project', '--profiles-dir', '/root']' is 10966
2024-04-19 19:17:17 — INFO — Running dbt --log-format json run-operation elementary.log_macro_results --args {"macro_name": "elementary_cli.get_models_latest_invocations_data", "macro_args": {}} --project-dir /usr/local/lib/python3.9/site-packages/elementary/monitor/dbt_project --profiles-dir /root
2024-04-19 19:17:23 — DEBUG — Result bytes size for command '['dbt', '--log-format', 'json', 'run-operation', 'elementary.log_macro_results', '--args', '{"macro_name": "elementary_cli.get_models_latest_invocations_data", "macro_args": {}}', '--project-dir', '/usr/local/lib/python3.9/site-packages/elementary/monitor/dbt_project', '--profiles-dir', '/root']' is 2316
2024-04-19 19:25:49 — INFO — Running with edr=0.14.1
2024-04-19 19:25:49 — INFO — Installing packages for edr internal dbt package...
2024-04-19 19:25:49 — INFO — Running dbt --log-format json deps --project-dir /usr/local/lib/python3.9/site-packages/elementary/monitor/dbt_project --profiles-dir /root
2024-04-19 19:25:57 — DEBUG — Result bytes size for command '['dbt', '--log-format', 'json', 'deps', '--project-dir', '/usr/local/lib/python3.9/site-packages/elementary/monitor/dbt_project', '--profiles-dir', '/root']' is 3336
2024-04-19 19:25:57 — INFO — Running with dbt=1.7.13
2024-04-19 19:25:57 — INFO — Updating lock file in file path: /usr/local/lib/python3.9/site-packages/elementary/monitor/dbt_project/package-lock.yml
2024-04-19 19:25:57 — INFO — Installing dbt-labs/dbt_utils
2024-04-19 19:25:57 — INFO — Installed from version 0.8.6
2024-04-19 19:25:57 — INFO — Updated version available: 1.1.1
2024-04-19 19:25:57 — INFO — Installing elementary-data/elementary
2024-04-19 19:25:57 — INFO — Installed from version 0.14.1
2024-04-19 19:25:57 — INFO — Up to date!
2024-04-19 19:25:57 — INFO — 
2024-04-19 19:25:57 — INFO — Updates available for packages: ['dbt-labs/dbt_utils']                 
Update your versions in packages.yml, then run dbt deps
2024-04-19 19:25:57 — DEBUG — Running dbt --log-format json run-operation elementary.log_macro_results --args {"macro_name": "elementary_cli.get_latest_invocation", "macro_args": {}} --project-dir /usr/local/lib/python3.9/site-packages/elementary/monitor/dbt_project --profiles-dir /root
2024-04-19 19:26:10 — DEBUG — Result bytes size for command '['dbt', '--log-format', 'json', 'run-operation', 'elementary.log_macro_results', '--args', '{"macro_name": "elementary_cli.get_latest_invocation", "macro_args": {}}', '--project-dir', '/usr/local/lib/python3.9/site-packages/elementary/monitor/dbt_project', '--profiles-dir', '/root']' is 3902
2024-04-19 19:26:10 — DEBUG — Running dbt --log-format json run-operation elementary.log_macro_results --args {"macro_name": "elementary_cli.get_adapter_type_and_unique_id", "macro_args": {}} --project-dir /usr/local/lib/python3.9/site-packages/elementary/monitor/dbt_project --profiles-dir /root
2024-04-19 19:26:16 — DEBUG — Result bytes size for command '['dbt', '--log-format', 'json', 'run-operation', 'elementary.log_macro_results', '--args', '{"macro_name": "elementary_cli.get_adapter_type_and_unique_id", "macro_args": {}}', '--project-dir', '/usr/local/lib/python3.9/site-packages/elementary/monitor/dbt_project', '--profiles-dir', '/root']' is 1508
2024-04-19 19:26:16 — INFO — edr (0.14.1) and Elementary's dbt package (0.14.1) are compatible.
2024-04-19 19:26:16 — DEBUG — Running dbt --log-format json run-operation elementary.log_macro_results --args {"macro_name": "elementary_cli.get_elementary_database_and_schema", "macro_args": {}} --project-dir /usr/local/lib/python3.9/site-packages/elementary/monitor/dbt_project --profiles-dir /root
2024-04-19 19:26:21 — DEBUG — Result bytes size for command '['dbt', '--log-format', 'json', 'run-operation', 'elementary.log_macro_results', '--args', '{"macro_name": "elementary_cli.get_elementary_database_and_schema", "macro_args": {}}', '--project-dir', '/usr/local/lib/python3.9/site-packages/elementary/monitor/dbt_project', '--profiles-dir', '/root']' is 1500
2024-04-19 19:26:21 — INFO — Elementary's database and schema: '"destination_db.public_elementary"'
2024-04-19 19:26:21 — INFO — Running dbt --log-format json run-operation elementary.log_macro_results --args {"macro_name": "elementary_cli.get_test_results", "macro_args": {"days_back": 7, "invocations_per_test": 720, "disable_passed_test_metrics": false}} --project-dir /usr/local/lib/python3.9/site-packages/elementary/monitor/dbt_project --profiles-dir /root
2024-04-19 19:26:27 — DEBUG — Result bytes size for command '['dbt', '--log-format', 'json', 'run-operation', 'elementary.log_macro_results', '--args', '{"macro_name": "elementary_cli.get_test_results", "macro_args": {"days_back": 7, "invocations_per_test": 720, "disable_passed_test_metrics": false}}', '--project-dir', '/usr/local/lib/python3.9/site-packages/elementary/monitor/dbt_project', '--profiles-dir', '/root']' is 50654
2024-04-19 19:26:27 — INFO — Running dbt --log-format json run-operation elementary.log_macro_results --args {"macro_name": "elementary_cli.get_source_freshness_results", "macro_args": {"days_back": 7, "invocations_per_test": 720}} --project-dir /usr/local/lib/python3.9/site-packages/elementary/monitor/dbt_project --profiles-dir /root
2024-04-19 19:26:33 — DEBUG — Result bytes size for command '['dbt', '--log-format', 'json', 'run-operation', 'elementary.log_macro_results', '--args', '{"macro_name": "elementary_cli.get_source_freshness_results", "macro_args": {"days_back": 7, "invocations_per_test": 720}}', '--project-dir', '/usr/local/lib/python3.9/site-packages/elementary/monitor/dbt_project', '--profiles-dir', '/root']' is 1432
2024-04-19 19:26:33 — INFO — Running dbt --log-format json run-operation elementary.log_macro_results --args {"macro_name": "elementary_cli.get_models", "macro_args": {"exclude_elementary": true}} --project-dir /usr/local/lib/python3.9/site-packages/elementary/monitor/dbt_project --profiles-dir /root
2024-04-19 19:26:39 — DEBUG — Result bytes size for command '['dbt', '--log-format', 'json', 'run-operation', 'elementary.log_macro_results', '--args', '{"macro_name": "elementary_cli.get_models", "macro_args": {"exclude_elementary": true}}', '--project-dir', '/usr/local/lib/python3.9/site-packages/elementary/monitor/dbt_project', '--profiles-dir', '/root']' is 10028
2024-04-19 19:26:39 — INFO — Running dbt --log-format json run-operation elementary.log_macro_results --args {"macro_name": "elementary_cli.get_sources", "macro_args": {}} --project-dir /usr/local/lib/python3.9/site-packages/elementary/monitor/dbt_project --profiles-dir /root
2024-04-19 19:26:44 — DEBUG — Result bytes size for command '['dbt', '--log-format', 'json', 'run-operation', 'elementary.log_macro_results', '--args', '{"macro_name": "elementary_cli.get_sources", "macro_args": {}}', '--project-dir', '/usr/local/lib/python3.9/site-packages/elementary/monitor/dbt_project', '--profiles-dir', '/root']' is 3790
2024-04-19 19:26:44 — INFO — Running dbt --log-format json run-operation elementary.log_macro_results --args {"macro_name": "elementary_cli.get_exposures", "macro_args": {}} --project-dir /usr/local/lib/python3.9/site-packages/elementary/monitor/dbt_project --profiles-dir /root
2024-04-19 19:26:50 — DEBUG — Result bytes size for command '['dbt', '--log-format', 'json', 'run-operation', 'elementary.log_macro_results', '--args', '{"macro_name": "elementary_cli.get_exposures", "macro_args": {}}', '--project-dir', '/usr/local/lib/python3.9/site-packages/elementary/monitor/dbt_project', '--profiles-dir', '/root']' is 1432
2024-04-19 19:26:50 — INFO — Running dbt --log-format json run-operation elementary.log_macro_results --args {"macro_name": "elementary_cli.get_models_runs", "macro_args": {"days_back": 7, "exclude_elementary": true}} --project-dir /usr/local/lib/python3.9/site-packages/elementary/monitor/dbt_project --profiles-dir /root
2024-04-19 19:26:56 — DEBUG — Result bytes size for command '['dbt', '--log-format', 'json', 'run-operation', 'elementary.log_macro_results', '--args', '{"macro_name": "elementary_cli.get_models_runs", "macro_args": {"days_back": 7, "exclude_elementary": true}}', '--project-dir', '/usr/local/lib/python3.9/site-packages/elementary/monitor/dbt_project', '--profiles-dir', '/root']' is 17062
2024-04-19 19:26:56 — INFO — Running dbt --log-format json run-operation elementary.log_macro_results --args {"macro_name": "elementary_cli.get_dbt_models_test_coverage", "macro_args": {}} --project-dir /usr/local/lib/python3.9/site-packages/elementary/monitor/dbt_project --profiles-dir /root
2024-04-19 19:27:02 — DEBUG — Result bytes size for command '['dbt', '--log-format', 'json', 'run-operation', 'elementary.log_macro_results', '--args', '{"macro_name": "elementary_cli.get_dbt_models_test_coverage", "macro_args": {}}', '--project-dir', '/usr/local/lib/python3.9/site-packages/elementary/monitor/dbt_project', '--profiles-dir', '/root']' is 1830
2024-04-19 19:27:02 — INFO — Running dbt --log-format json run-operation elementary.log_macro_results --args {"macro_name": "elementary_cli.get_nodes_depends_on_nodes", "macro_args": {"exclude_elementary": true}} --project-dir /usr/local/lib/python3.9/site-packages/elementary/monitor/dbt_project --profiles-dir /root
2024-04-19 19:27:07 — DEBUG — Result bytes size for command '['dbt', '--log-format', 'json', 'run-operation', 'elementary.log_macro_results', '--args', '{"macro_name": "elementary_cli.get_nodes_depends_on_nodes", "macro_args": {"exclude_elementary": true}}', '--project-dir', '/usr/local/lib/python3.9/site-packages/elementary/monitor/dbt_project', '--profiles-dir', '/root']' is 6530
2024-04-19 19:27:07 — INFO — Running dbt --log-format json run-operation elementary.log_macro_results --args {"macro_name": "elementary_cli.get_models_latest_invocation", "macro_args": {}} --project-dir /usr/local/lib/python3.9/site-packages/elementary/monitor/dbt_project --profiles-dir /root
2024-04-19 19:27:13 — DEBUG — Result bytes size for command '['dbt', '--log-format', 'json', 'run-operation', 'elementary.log_macro_results', '--args', '{"macro_name": "elementary_cli.get_models_latest_invocation", "macro_args": {}}', '--project-dir', '/usr/local/lib/python3.9/site-packages/elementary/monitor/dbt_project', '--profiles-dir', '/root']' is 10966
2024-04-19 19:27:13 — INFO — Running dbt --log-format json run-operation elementary.log_macro_results --args {"macro_name": "elementary_cli.get_models_latest_invocations_data", "macro_args": {}} --project-dir /usr/local/lib/python3.9/site-packages/elementary/monitor/dbt_project --profiles-dir /root
2024-04-19 19:27:19 — DEBUG — Result bytes size for command '['dbt', '--log-format', 'json', 'run-operation', 'elementary.log_macro_results', '--args', '{"macro_name": "elementary_cli.get_models_latest_invocations_data", "macro_args": {}}', '--project-dir', '/usr/local/lib/python3.9/site-packages/elementary/monitor/dbt_project', '--profiles-dir', '/root']' is 2316
2024-04-19 19:41:15 — INFO — Running with edr=0.14.1
2024-04-19 19:41:15 — INFO — Installing packages for edr internal dbt package...
2024-04-19 19:41:15 — INFO — Running dbt --log-format json deps --project-dir /usr/local/lib/python3.9/site-packages/elementary/monitor/dbt_project --profiles-dir /root
2024-04-19 19:41:22 — DEBUG — Result bytes size for command '['dbt', '--log-format', 'json', 'deps', '--project-dir', '/usr/local/lib/python3.9/site-packages/elementary/monitor/dbt_project', '--profiles-dir', '/root']' is 3336
2024-04-19 19:41:22 — INFO — Running with dbt=1.7.13
2024-04-19 19:41:22 — INFO — Updating lock file in file path: /usr/local/lib/python3.9/site-packages/elementary/monitor/dbt_project/package-lock.yml
2024-04-19 19:41:22 — INFO — Installing dbt-labs/dbt_utils
2024-04-19 19:41:22 — INFO — Installed from version 0.8.6
2024-04-19 19:41:22 — INFO — Updated version available: 1.1.1
2024-04-19 19:41:22 — INFO — Installing elementary-data/elementary
2024-04-19 19:41:22 — INFO — Installed from version 0.14.1
2024-04-19 19:41:22 — INFO — Up to date!
2024-04-19 19:41:22 — INFO — 
2024-04-19 19:41:22 — INFO — Updates available for packages: ['dbt-labs/dbt_utils']                 
Update your versions in packages.yml, then run dbt deps
2024-04-19 19:41:22 — DEBUG — Running dbt --log-format json run-operation elementary.log_macro_results --args {"macro_name": "elementary_cli.get_latest_invocation", "macro_args": {}} --project-dir /usr/local/lib/python3.9/site-packages/elementary/monitor/dbt_project --profiles-dir /root
2024-04-19 19:41:36 — DEBUG — Result bytes size for command '['dbt', '--log-format', 'json', 'run-operation', 'elementary.log_macro_results', '--args', '{"macro_name": "elementary_cli.get_latest_invocation", "macro_args": {}}', '--project-dir', '/usr/local/lib/python3.9/site-packages/elementary/monitor/dbt_project', '--profiles-dir', '/root']' is 3902
2024-04-19 19:41:36 — DEBUG — Running dbt --log-format json run-operation elementary.log_macro_results --args {"macro_name": "elementary_cli.get_adapter_type_and_unique_id", "macro_args": {}} --project-dir /usr/local/lib/python3.9/site-packages/elementary/monitor/dbt_project --profiles-dir /root
2024-04-19 19:41:42 — DEBUG — Result bytes size for command '['dbt', '--log-format', 'json', 'run-operation', 'elementary.log_macro_results', '--args', '{"macro_name": "elementary_cli.get_adapter_type_and_unique_id", "macro_args": {}}', '--project-dir', '/usr/local/lib/python3.9/site-packages/elementary/monitor/dbt_project', '--profiles-dir', '/root']' is 1508
2024-04-19 19:41:42 — INFO — edr (0.14.1) and Elementary's dbt package (0.14.1) are compatible.
2024-04-19 19:41:42 — DEBUG — Running dbt --log-format json run-operation elementary.log_macro_results --args {"macro_name": "elementary_cli.get_elementary_database_and_schema", "macro_args": {}} --project-dir /usr/local/lib/python3.9/site-packages/elementary/monitor/dbt_project --profiles-dir /root
2024-04-19 19:41:49 — DEBUG — Result bytes size for command '['dbt', '--log-format', 'json', 'run-operation', 'elementary.log_macro_results', '--args', '{"macro_name": "elementary_cli.get_elementary_database_and_schema", "macro_args": {}}', '--project-dir', '/usr/local/lib/python3.9/site-packages/elementary/monitor/dbt_project', '--profiles-dir', '/root']' is 1500
2024-04-19 19:41:49 — INFO — Elementary's database and schema: '"destination_db.public_elementary"'
2024-04-19 19:41:49 — INFO — Running dbt --log-format json run-operation elementary.log_macro_results --args {"macro_name": "elementary_cli.get_test_results", "macro_args": {"days_back": 7, "invocations_per_test": 720, "disable_passed_test_metrics": false}} --project-dir /usr/local/lib/python3.9/site-packages/elementary/monitor/dbt_project --profiles-dir /root
2024-04-19 19:41:54 — DEBUG — Result bytes size for command '['dbt', '--log-format', 'json', 'run-operation', 'elementary.log_macro_results', '--args', '{"macro_name": "elementary_cli.get_test_results", "macro_args": {"days_back": 7, "invocations_per_test": 720, "disable_passed_test_metrics": false}}', '--project-dir', '/usr/local/lib/python3.9/site-packages/elementary/monitor/dbt_project', '--profiles-dir', '/root']' is 50654
2024-04-19 19:41:54 — INFO — Running dbt --log-format json run-operation elementary.log_macro_results --args {"macro_name": "elementary_cli.get_source_freshness_results", "macro_args": {"days_back": 7, "invocations_per_test": 720}} --project-dir /usr/local/lib/python3.9/site-packages/elementary/monitor/dbt_project --profiles-dir /root
2024-04-19 19:42:00 — DEBUG — Result bytes size for command '['dbt', '--log-format', 'json', 'run-operation', 'elementary.log_macro_results', '--args', '{"macro_name": "elementary_cli.get_source_freshness_results", "macro_args": {"days_back": 7, "invocations_per_test": 720}}', '--project-dir', '/usr/local/lib/python3.9/site-packages/elementary/monitor/dbt_project', '--profiles-dir', '/root']' is 1432
2024-04-19 19:42:00 — INFO — Running dbt --log-format json run-operation elementary.log_macro_results --args {"macro_name": "elementary_cli.get_models", "macro_args": {"exclude_elementary": true}} --project-dir /usr/local/lib/python3.9/site-packages/elementary/monitor/dbt_project --profiles-dir /root
2024-04-19 19:42:06 — DEBUG — Result bytes size for command '['dbt', '--log-format', 'json', 'run-operation', 'elementary.log_macro_results', '--args', '{"macro_name": "elementary_cli.get_models", "macro_args": {"exclude_elementary": true}}', '--project-dir', '/usr/local/lib/python3.9/site-packages/elementary/monitor/dbt_project', '--profiles-dir', '/root']' is 10028
2024-04-19 19:42:06 — INFO — Running dbt --log-format json run-operation elementary.log_macro_results --args {"macro_name": "elementary_cli.get_sources", "macro_args": {}} --project-dir /usr/local/lib/python3.9/site-packages/elementary/monitor/dbt_project --profiles-dir /root
2024-04-19 19:42:12 — DEBUG — Result bytes size for command '['dbt', '--log-format', 'json', 'run-operation', 'elementary.log_macro_results', '--args', '{"macro_name": "elementary_cli.get_sources", "macro_args": {}}', '--project-dir', '/usr/local/lib/python3.9/site-packages/elementary/monitor/dbt_project', '--profiles-dir', '/root']' is 3790
2024-04-19 19:42:12 — INFO — Running dbt --log-format json run-operation elementary.log_macro_results --args {"macro_name": "elementary_cli.get_exposures", "macro_args": {}} --project-dir /usr/local/lib/python3.9/site-packages/elementary/monitor/dbt_project --profiles-dir /root
2024-04-19 19:42:18 — DEBUG — Result bytes size for command '['dbt', '--log-format', 'json', 'run-operation', 'elementary.log_macro_results', '--args', '{"macro_name": "elementary_cli.get_exposures", "macro_args": {}}', '--project-dir', '/usr/local/lib/python3.9/site-packages/elementary/monitor/dbt_project', '--profiles-dir', '/root']' is 1432
2024-04-19 19:42:18 — INFO — Running dbt --log-format json run-operation elementary.log_macro_results --args {"macro_name": "elementary_cli.get_models_runs", "macro_args": {"days_back": 7, "exclude_elementary": true}} --project-dir /usr/local/lib/python3.9/site-packages/elementary/monitor/dbt_project --profiles-dir /root
2024-04-19 19:42:24 — DEBUG — Result bytes size for command '['dbt', '--log-format', 'json', 'run-operation', 'elementary.log_macro_results', '--args', '{"macro_name": "elementary_cli.get_models_runs", "macro_args": {"days_back": 7, "exclude_elementary": true}}', '--project-dir', '/usr/local/lib/python3.9/site-packages/elementary/monitor/dbt_project', '--profiles-dir', '/root']' is 17062
2024-04-19 19:42:24 — INFO — Running dbt --log-format json run-operation elementary.log_macro_results --args {"macro_name": "elementary_cli.get_dbt_models_test_coverage", "macro_args": {}} --project-dir /usr/local/lib/python3.9/site-packages/elementary/monitor/dbt_project --profiles-dir /root
2024-04-19 19:42:29 — DEBUG — Result bytes size for command '['dbt', '--log-format', 'json', 'run-operation', 'elementary.log_macro_results', '--args', '{"macro_name": "elementary_cli.get_dbt_models_test_coverage", "macro_args": {}}', '--project-dir', '/usr/local/lib/python3.9/site-packages/elementary/monitor/dbt_project', '--profiles-dir', '/root']' is 1830
2024-04-19 19:42:30 — INFO — Running dbt --log-format json run-operation elementary.log_macro_results --args {"macro_name": "elementary_cli.get_nodes_depends_on_nodes", "macro_args": {"exclude_elementary": true}} --project-dir /usr/local/lib/python3.9/site-packages/elementary/monitor/dbt_project --profiles-dir /root
2024-04-19 19:42:35 — DEBUG — Result bytes size for command '['dbt', '--log-format', 'json', 'run-operation', 'elementary.log_macro_results', '--args', '{"macro_name": "elementary_cli.get_nodes_depends_on_nodes", "macro_args": {"exclude_elementary": true}}', '--project-dir', '/usr/local/lib/python3.9/site-packages/elementary/monitor/dbt_project', '--profiles-dir', '/root']' is 6530
2024-04-19 19:42:35 — INFO — Running dbt --log-format json run-operation elementary.log_macro_results --args {"macro_name": "elementary_cli.get_models_latest_invocation", "macro_args": {}} --project-dir /usr/local/lib/python3.9/site-packages/elementary/monitor/dbt_project --profiles-dir /root
2024-04-19 19:42:41 — DEBUG — Result bytes size for command '['dbt', '--log-format', 'json', 'run-operation', 'elementary.log_macro_results', '--args', '{"macro_name": "elementary_cli.get_models_latest_invocation", "macro_args": {}}', '--project-dir', '/usr/local/lib/python3.9/site-packages/elementary/monitor/dbt_project', '--profiles-dir', '/root']' is 10966
2024-04-19 19:42:41 — INFO — Running dbt --log-format json run-operation elementary.log_macro_results --args {"macro_name": "elementary_cli.get_models_latest_invocations_data", "macro_args": {}} --project-dir /usr/local/lib/python3.9/site-packages/elementary/monitor/dbt_project --profiles-dir /root
2024-04-19 19:42:46 — DEBUG — Result bytes size for command '['dbt', '--log-format', 'json', 'run-operation', 'elementary.log_macro_results', '--args', '{"macro_name": "elementary_cli.get_models_latest_invocations_data", "macro_args": {}}', '--project-dir', '/usr/local/lib/python3.9/site-packages/elementary/monitor/dbt_project', '--profiles-dir', '/root']' is 2316
2024-04-22 08:23:04 — INFO — Running with edr=0.14.1
2024-04-22 08:23:04 — INFO — Installing packages for edr internal dbt package...
2024-04-22 08:23:04 — INFO — Running dbt --log-format json deps --project-dir /usr/local/lib/python3.9/site-packages/elementary/monitor/dbt_project --profiles-dir /root
2024-04-22 08:23:14 — DEBUG — Result bytes size for command '['dbt', '--log-format', 'json', 'deps', '--project-dir', '/usr/local/lib/python3.9/site-packages/elementary/monitor/dbt_project', '--profiles-dir', '/root']' is 3336
2024-04-22 08:23:14 — INFO — Running with dbt=1.7.13
2024-04-22 08:23:14 — INFO — Updating lock file in file path: /usr/local/lib/python3.9/site-packages/elementary/monitor/dbt_project/package-lock.yml
2024-04-22 08:23:14 — INFO — Installing dbt-labs/dbt_utils
2024-04-22 08:23:14 — INFO — Installed from version 0.8.6
2024-04-22 08:23:14 — INFO — Updated version available: 1.1.1
2024-04-22 08:23:14 — INFO — Installing elementary-data/elementary
2024-04-22 08:23:14 — INFO — Installed from version 0.14.1
2024-04-22 08:23:14 — INFO — Up to date!
2024-04-22 08:23:14 — INFO — 
2024-04-22 08:23:14 — INFO — Updates available for packages: ['dbt-labs/dbt_utils']                 
Update your versions in packages.yml, then run dbt deps
2024-04-22 08:23:14 — DEBUG — Running dbt --log-format json run-operation elementary.log_macro_results --args {"macro_name": "elementary_cli.get_latest_invocation", "macro_args": {}} --project-dir /usr/local/lib/python3.9/site-packages/elementary/monitor/dbt_project --profiles-dir /root
2024-04-22 08:23:29 — DEBUG — Result bytes size for command '['dbt', '--log-format', 'json', 'run-operation', 'elementary.log_macro_results', '--args', '{"macro_name": "elementary_cli.get_latest_invocation", "macro_args": {}}', '--project-dir', '/usr/local/lib/python3.9/site-packages/elementary/monitor/dbt_project', '--profiles-dir', '/root']' is 3902
2024-04-22 08:23:29 — DEBUG — Running dbt --log-format json run-operation elementary.log_macro_results --args {"macro_name": "elementary_cli.get_adapter_type_and_unique_id", "macro_args": {}} --project-dir /usr/local/lib/python3.9/site-packages/elementary/monitor/dbt_project --profiles-dir /root
2024-04-22 08:23:35 — DEBUG — Result bytes size for command '['dbt', '--log-format', 'json', 'run-operation', 'elementary.log_macro_results', '--args', '{"macro_name": "elementary_cli.get_adapter_type_and_unique_id", "macro_args": {}}', '--project-dir', '/usr/local/lib/python3.9/site-packages/elementary/monitor/dbt_project', '--profiles-dir', '/root']' is 1508
2024-04-22 08:23:35 — INFO — edr (0.14.1) and Elementary's dbt package (0.14.1) are compatible.
2024-04-22 08:23:35 — DEBUG — Running dbt --log-format json run-operation elementary.log_macro_results --args {"macro_name": "elementary_cli.get_elementary_database_and_schema", "macro_args": {}} --project-dir /usr/local/lib/python3.9/site-packages/elementary/monitor/dbt_project --profiles-dir /root
2024-04-22 08:23:41 — DEBUG — Result bytes size for command '['dbt', '--log-format', 'json', 'run-operation', 'elementary.log_macro_results', '--args', '{"macro_name": "elementary_cli.get_elementary_database_and_schema", "macro_args": {}}', '--project-dir', '/usr/local/lib/python3.9/site-packages/elementary/monitor/dbt_project', '--profiles-dir', '/root']' is 1500
2024-04-22 08:23:41 — INFO — Elementary's database and schema: '"destination_db.public_elementary"'
2024-04-22 08:23:41 — INFO — Running dbt --log-format json run-operation elementary.log_macro_results --args {"macro_name": "elementary_cli.get_test_results", "macro_args": {"days_back": 7, "invocations_per_test": 720, "disable_passed_test_metrics": false}} --project-dir /usr/local/lib/python3.9/site-packages/elementary/monitor/dbt_project --profiles-dir /root
2024-04-22 08:23:48 — DEBUG — Result bytes size for command '['dbt', '--log-format', 'json', 'run-operation', 'elementary.log_macro_results', '--args', '{"macro_name": "elementary_cli.get_test_results", "macro_args": {"days_back": 7, "invocations_per_test": 720, "disable_passed_test_metrics": false}}', '--project-dir', '/usr/local/lib/python3.9/site-packages/elementary/monitor/dbt_project', '--profiles-dir', '/root']' is 50654
2024-04-22 08:23:48 — INFO — Running dbt --log-format json run-operation elementary.log_macro_results --args {"macro_name": "elementary_cli.get_source_freshness_results", "macro_args": {"days_back": 7, "invocations_per_test": 720}} --project-dir /usr/local/lib/python3.9/site-packages/elementary/monitor/dbt_project --profiles-dir /root
2024-04-22 08:23:54 — DEBUG — Result bytes size for command '['dbt', '--log-format', 'json', 'run-operation', 'elementary.log_macro_results', '--args', '{"macro_name": "elementary_cli.get_source_freshness_results", "macro_args": {"days_back": 7, "invocations_per_test": 720}}', '--project-dir', '/usr/local/lib/python3.9/site-packages/elementary/monitor/dbt_project', '--profiles-dir', '/root']' is 1432
2024-04-22 08:23:54 — INFO — Running dbt --log-format json run-operation elementary.log_macro_results --args {"macro_name": "elementary_cli.get_models", "macro_args": {"exclude_elementary": true}} --project-dir /usr/local/lib/python3.9/site-packages/elementary/monitor/dbt_project --profiles-dir /root
2024-04-22 08:24:01 — DEBUG — Result bytes size for command '['dbt', '--log-format', 'json', 'run-operation', 'elementary.log_macro_results', '--args', '{"macro_name": "elementary_cli.get_models", "macro_args": {"exclude_elementary": true}}', '--project-dir', '/usr/local/lib/python3.9/site-packages/elementary/monitor/dbt_project', '--profiles-dir', '/root']' is 10028
2024-04-22 08:24:01 — INFO — Running dbt --log-format json run-operation elementary.log_macro_results --args {"macro_name": "elementary_cli.get_sources", "macro_args": {}} --project-dir /usr/local/lib/python3.9/site-packages/elementary/monitor/dbt_project --profiles-dir /root
2024-04-22 08:24:07 — DEBUG — Result bytes size for command '['dbt', '--log-format', 'json', 'run-operation', 'elementary.log_macro_results', '--args', '{"macro_name": "elementary_cli.get_sources", "macro_args": {}}', '--project-dir', '/usr/local/lib/python3.9/site-packages/elementary/monitor/dbt_project', '--profiles-dir', '/root']' is 3790
2024-04-22 08:24:07 — INFO — Running dbt --log-format json run-operation elementary.log_macro_results --args {"macro_name": "elementary_cli.get_exposures", "macro_args": {}} --project-dir /usr/local/lib/python3.9/site-packages/elementary/monitor/dbt_project --profiles-dir /root
2024-04-22 08:24:13 — DEBUG — Result bytes size for command '['dbt', '--log-format', 'json', 'run-operation', 'elementary.log_macro_results', '--args', '{"macro_name": "elementary_cli.get_exposures", "macro_args": {}}', '--project-dir', '/usr/local/lib/python3.9/site-packages/elementary/monitor/dbt_project', '--profiles-dir', '/root']' is 1432
2024-04-22 08:24:13 — INFO — Running dbt --log-format json run-operation elementary.log_macro_results --args {"macro_name": "elementary_cli.get_models_runs", "macro_args": {"days_back": 7, "exclude_elementary": true}} --project-dir /usr/local/lib/python3.9/site-packages/elementary/monitor/dbt_project --profiles-dir /root
2024-04-22 08:24:19 — DEBUG — Result bytes size for command '['dbt', '--log-format', 'json', 'run-operation', 'elementary.log_macro_results', '--args', '{"macro_name": "elementary_cli.get_models_runs", "macro_args": {"days_back": 7, "exclude_elementary": true}}', '--project-dir', '/usr/local/lib/python3.9/site-packages/elementary/monitor/dbt_project', '--profiles-dir', '/root']' is 17062
2024-04-22 08:24:19 — INFO — Running dbt --log-format json run-operation elementary.log_macro_results --args {"macro_name": "elementary_cli.get_dbt_models_test_coverage", "macro_args": {}} --project-dir /usr/local/lib/python3.9/site-packages/elementary/monitor/dbt_project --profiles-dir /root
2024-04-22 08:24:26 — DEBUG — Result bytes size for command '['dbt', '--log-format', 'json', 'run-operation', 'elementary.log_macro_results', '--args', '{"macro_name": "elementary_cli.get_dbt_models_test_coverage", "macro_args": {}}', '--project-dir', '/usr/local/lib/python3.9/site-packages/elementary/monitor/dbt_project', '--profiles-dir', '/root']' is 1830
2024-04-22 08:24:26 — INFO — Running dbt --log-format json run-operation elementary.log_macro_results --args {"macro_name": "elementary_cli.get_nodes_depends_on_nodes", "macro_args": {"exclude_elementary": true}} --project-dir /usr/local/lib/python3.9/site-packages/elementary/monitor/dbt_project --profiles-dir /root
2024-04-22 08:24:32 — DEBUG — Result bytes size for command '['dbt', '--log-format', 'json', 'run-operation', 'elementary.log_macro_results', '--args', '{"macro_name": "elementary_cli.get_nodes_depends_on_nodes", "macro_args": {"exclude_elementary": true}}', '--project-dir', '/usr/local/lib/python3.9/site-packages/elementary/monitor/dbt_project', '--profiles-dir', '/root']' is 6530
2024-04-22 08:24:32 — INFO — Running dbt --log-format json run-operation elementary.log_macro_results --args {"macro_name": "elementary_cli.get_models_latest_invocation", "macro_args": {}} --project-dir /usr/local/lib/python3.9/site-packages/elementary/monitor/dbt_project --profiles-dir /root
2024-04-22 08:24:38 — DEBUG — Result bytes size for command '['dbt', '--log-format', 'json', 'run-operation', 'elementary.log_macro_results', '--args', '{"macro_name": "elementary_cli.get_models_latest_invocation", "macro_args": {}}', '--project-dir', '/usr/local/lib/python3.9/site-packages/elementary/monitor/dbt_project', '--profiles-dir', '/root']' is 10966
2024-04-22 08:24:38 — INFO — Running dbt --log-format json run-operation elementary.log_macro_results --args {"macro_name": "elementary_cli.get_models_latest_invocations_data", "macro_args": {}} --project-dir /usr/local/lib/python3.9/site-packages/elementary/monitor/dbt_project --profiles-dir /root
2024-04-22 08:24:45 — DEBUG — Result bytes size for command '['dbt', '--log-format', 'json', 'run-operation', 'elementary.log_macro_results', '--args', '{"macro_name": "elementary_cli.get_models_latest_invocations_data", "macro_args": {}}', '--project-dir', '/usr/local/lib/python3.9/site-packages/elementary/monitor/dbt_project', '--profiles-dir', '/root']' is 2316
2024-04-22 08:39:30 — INFO — Running with edr=0.14.1
2024-04-22 08:39:30 — INFO — Installing packages for edr internal dbt package...
2024-04-22 08:39:30 — INFO — Running dbt --log-format json deps --project-dir /usr/local/lib/python3.9/site-packages/elementary/monitor/dbt_project --profiles-dir /root
2024-04-22 08:39:40 — DEBUG — Result bytes size for command '['dbt', '--log-format', 'json', 'deps', '--project-dir', '/usr/local/lib/python3.9/site-packages/elementary/monitor/dbt_project', '--profiles-dir', '/root']' is 3336
2024-04-22 08:39:40 — INFO — Running with dbt=1.7.13
2024-04-22 08:39:40 — INFO — Updating lock file in file path: /usr/local/lib/python3.9/site-packages/elementary/monitor/dbt_project/package-lock.yml
2024-04-22 08:39:40 — INFO — Installing dbt-labs/dbt_utils
2024-04-22 08:39:40 — INFO — Installed from version 0.8.6
2024-04-22 08:39:40 — INFO — Updated version available: 1.1.1
2024-04-22 08:39:40 — INFO — Installing elementary-data/elementary
2024-04-22 08:39:40 — INFO — Installed from version 0.14.1
2024-04-22 08:39:40 — INFO — Up to date!
2024-04-22 08:39:40 — INFO — 
2024-04-22 08:39:40 — INFO — Updates available for packages: ['dbt-labs/dbt_utils']                 
Update your versions in packages.yml, then run dbt deps
2024-04-22 08:39:40 — DEBUG — Running dbt --log-format json run-operation elementary.log_macro_results --args {"macro_name": "elementary_cli.get_latest_invocation", "macro_args": {}} --project-dir /usr/local/lib/python3.9/site-packages/elementary/monitor/dbt_project --profiles-dir /root
2024-04-22 08:39:54 — DEBUG — Result bytes size for command '['dbt', '--log-format', 'json', 'run-operation', 'elementary.log_macro_results', '--args', '{"macro_name": "elementary_cli.get_latest_invocation", "macro_args": {}}', '--project-dir', '/usr/local/lib/python3.9/site-packages/elementary/monitor/dbt_project', '--profiles-dir', '/root']' is 3902
2024-04-22 08:39:54 — DEBUG — Running dbt --log-format json run-operation elementary.log_macro_results --args {"macro_name": "elementary_cli.get_adapter_type_and_unique_id", "macro_args": {}} --project-dir /usr/local/lib/python3.9/site-packages/elementary/monitor/dbt_project --profiles-dir /root
2024-04-22 08:40:01 — DEBUG — Result bytes size for command '['dbt', '--log-format', 'json', 'run-operation', 'elementary.log_macro_results', '--args', '{"macro_name": "elementary_cli.get_adapter_type_and_unique_id", "macro_args": {}}', '--project-dir', '/usr/local/lib/python3.9/site-packages/elementary/monitor/dbt_project', '--profiles-dir', '/root']' is 1508
2024-04-22 08:40:01 — INFO — edr (0.14.1) and Elementary's dbt package (0.14.1) are compatible.
2024-04-22 08:40:01 — DEBUG — Running dbt --log-format json run-operation elementary.log_macro_results --args {"macro_name": "elementary_cli.get_elementary_database_and_schema", "macro_args": {}} --project-dir /usr/local/lib/python3.9/site-packages/elementary/monitor/dbt_project --profiles-dir /root
2024-04-22 08:40:07 — DEBUG — Result bytes size for command '['dbt', '--log-format', 'json', 'run-operation', 'elementary.log_macro_results', '--args', '{"macro_name": "elementary_cli.get_elementary_database_and_schema", "macro_args": {}}', '--project-dir', '/usr/local/lib/python3.9/site-packages/elementary/monitor/dbt_project', '--profiles-dir', '/root']' is 1500
2024-04-22 08:40:07 — INFO — Elementary's database and schema: '"destination_db.public_elementary"'
2024-04-22 08:40:07 — INFO — Running dbt --log-format json run-operation elementary.log_macro_results --args {"macro_name": "elementary_cli.get_test_results", "macro_args": {"days_back": 7, "invocations_per_test": 720, "disable_passed_test_metrics": false}} --project-dir /usr/local/lib/python3.9/site-packages/elementary/monitor/dbt_project --profiles-dir /root
2024-04-22 08:40:15 — DEBUG — Result bytes size for command '['dbt', '--log-format', 'json', 'run-operation', 'elementary.log_macro_results', '--args', '{"macro_name": "elementary_cli.get_test_results", "macro_args": {"days_back": 7, "invocations_per_test": 720, "disable_passed_test_metrics": false}}', '--project-dir', '/usr/local/lib/python3.9/site-packages/elementary/monitor/dbt_project', '--profiles-dir', '/root']' is 50654
2024-04-22 08:40:15 — INFO — Running dbt --log-format json run-operation elementary.log_macro_results --args {"macro_name": "elementary_cli.get_source_freshness_results", "macro_args": {"days_back": 7, "invocations_per_test": 720}} --project-dir /usr/local/lib/python3.9/site-packages/elementary/monitor/dbt_project --profiles-dir /root
2024-04-22 08:40:21 — DEBUG — Result bytes size for command '['dbt', '--log-format', 'json', 'run-operation', 'elementary.log_macro_results', '--args', '{"macro_name": "elementary_cli.get_source_freshness_results", "macro_args": {"days_back": 7, "invocations_per_test": 720}}', '--project-dir', '/usr/local/lib/python3.9/site-packages/elementary/monitor/dbt_project', '--profiles-dir', '/root']' is 1432
2024-04-22 08:40:21 — INFO — Running dbt --log-format json run-operation elementary.log_macro_results --args {"macro_name": "elementary_cli.get_models", "macro_args": {"exclude_elementary": true}} --project-dir /usr/local/lib/python3.9/site-packages/elementary/monitor/dbt_project --profiles-dir /root
2024-04-22 08:40:27 — DEBUG — Result bytes size for command '['dbt', '--log-format', 'json', 'run-operation', 'elementary.log_macro_results', '--args', '{"macro_name": "elementary_cli.get_models", "macro_args": {"exclude_elementary": true}}', '--project-dir', '/usr/local/lib/python3.9/site-packages/elementary/monitor/dbt_project', '--profiles-dir', '/root']' is 10028
2024-04-22 08:40:27 — INFO — Running dbt --log-format json run-operation elementary.log_macro_results --args {"macro_name": "elementary_cli.get_sources", "macro_args": {}} --project-dir /usr/local/lib/python3.9/site-packages/elementary/monitor/dbt_project --profiles-dir /root
2024-04-22 08:40:37 — DEBUG — Result bytes size for command '['dbt', '--log-format', 'json', 'run-operation', 'elementary.log_macro_results', '--args', '{"macro_name": "elementary_cli.get_sources", "macro_args": {}}', '--project-dir', '/usr/local/lib/python3.9/site-packages/elementary/monitor/dbt_project', '--profiles-dir', '/root']' is 3790
2024-04-22 08:40:37 — INFO — Running dbt --log-format json run-operation elementary.log_macro_results --args {"macro_name": "elementary_cli.get_exposures", "macro_args": {}} --project-dir /usr/local/lib/python3.9/site-packages/elementary/monitor/dbt_project --profiles-dir /root
2024-04-22 08:40:43 — DEBUG — Result bytes size for command '['dbt', '--log-format', 'json', 'run-operation', 'elementary.log_macro_results', '--args', '{"macro_name": "elementary_cli.get_exposures", "macro_args": {}}', '--project-dir', '/usr/local/lib/python3.9/site-packages/elementary/monitor/dbt_project', '--profiles-dir', '/root']' is 1432
2024-04-22 08:40:43 — INFO — Running dbt --log-format json run-operation elementary.log_macro_results --args {"macro_name": "elementary_cli.get_models_runs", "macro_args": {"days_back": 7, "exclude_elementary": true}} --project-dir /usr/local/lib/python3.9/site-packages/elementary/monitor/dbt_project --profiles-dir /root
2024-04-22 08:40:50 — DEBUG — Result bytes size for command '['dbt', '--log-format', 'json', 'run-operation', 'elementary.log_macro_results', '--args', '{"macro_name": "elementary_cli.get_models_runs", "macro_args": {"days_back": 7, "exclude_elementary": true}}', '--project-dir', '/usr/local/lib/python3.9/site-packages/elementary/monitor/dbt_project', '--profiles-dir', '/root']' is 17062
2024-04-22 08:40:50 — INFO — Running dbt --log-format json run-operation elementary.log_macro_results --args {"macro_name": "elementary_cli.get_dbt_models_test_coverage", "macro_args": {}} --project-dir /usr/local/lib/python3.9/site-packages/elementary/monitor/dbt_project --profiles-dir /root
2024-04-22 08:40:58 — DEBUG — Result bytes size for command '['dbt', '--log-format', 'json', 'run-operation', 'elementary.log_macro_results', '--args', '{"macro_name": "elementary_cli.get_dbt_models_test_coverage", "macro_args": {}}', '--project-dir', '/usr/local/lib/python3.9/site-packages/elementary/monitor/dbt_project', '--profiles-dir', '/root']' is 1830
2024-04-22 08:40:58 — INFO — Running dbt --log-format json run-operation elementary.log_macro_results --args {"macro_name": "elementary_cli.get_nodes_depends_on_nodes", "macro_args": {"exclude_elementary": true}} --project-dir /usr/local/lib/python3.9/site-packages/elementary/monitor/dbt_project --profiles-dir /root
2024-04-22 08:41:07 — DEBUG — Result bytes size for command '['dbt', '--log-format', 'json', 'run-operation', 'elementary.log_macro_results', '--args', '{"macro_name": "elementary_cli.get_nodes_depends_on_nodes", "macro_args": {"exclude_elementary": true}}', '--project-dir', '/usr/local/lib/python3.9/site-packages/elementary/monitor/dbt_project', '--profiles-dir', '/root']' is 6530
2024-04-22 08:41:07 — INFO — Running dbt --log-format json run-operation elementary.log_macro_results --args {"macro_name": "elementary_cli.get_models_latest_invocation", "macro_args": {}} --project-dir /usr/local/lib/python3.9/site-packages/elementary/monitor/dbt_project --profiles-dir /root
2024-04-22 08:41:16 — DEBUG — Result bytes size for command '['dbt', '--log-format', 'json', 'run-operation', 'elementary.log_macro_results', '--args', '{"macro_name": "elementary_cli.get_models_latest_invocation", "macro_args": {}}', '--project-dir', '/usr/local/lib/python3.9/site-packages/elementary/monitor/dbt_project', '--profiles-dir', '/root']' is 10966
2024-04-22 08:41:16 — INFO — Running dbt --log-format json run-operation elementary.log_macro_results --args {"macro_name": "elementary_cli.get_models_latest_invocations_data", "macro_args": {}} --project-dir /usr/local/lib/python3.9/site-packages/elementary/monitor/dbt_project --profiles-dir /root
2024-04-22 08:41:27 — DEBUG — Result bytes size for command '['dbt', '--log-format', 'json', 'run-operation', 'elementary.log_macro_results', '--args', '{"macro_name": "elementary_cli.get_models_latest_invocations_data", "macro_args": {}}', '--project-dir', '/usr/local/lib/python3.9/site-packages/elementary/monitor/dbt_project', '--profiles-dir', '/root']' is 2316
2024-04-22 08:53:14 — INFO — Running with edr=0.14.1
2024-04-22 08:53:15 — INFO — Installing packages for edr internal dbt package...
2024-04-22 08:53:15 — INFO — Running dbt --log-format json deps --project-dir /usr/local/lib/python3.9/site-packages/elementary/monitor/dbt_project --profiles-dir /root
2024-04-22 08:53:23 — DEBUG — Result bytes size for command '['dbt', '--log-format', 'json', 'deps', '--project-dir', '/usr/local/lib/python3.9/site-packages/elementary/monitor/dbt_project', '--profiles-dir', '/root']' is 3336
2024-04-22 08:53:23 — INFO — Running with dbt=1.7.13
2024-04-22 08:53:23 — INFO — Updating lock file in file path: /usr/local/lib/python3.9/site-packages/elementary/monitor/dbt_project/package-lock.yml
2024-04-22 08:53:23 — INFO — Installing dbt-labs/dbt_utils
2024-04-22 08:53:23 — INFO — Installed from version 0.8.6
2024-04-22 08:53:23 — INFO — Updated version available: 1.1.1
2024-04-22 08:53:23 — INFO — Installing elementary-data/elementary
2024-04-22 08:53:23 — INFO — Installed from version 0.14.1
2024-04-22 08:53:23 — INFO — Up to date!
2024-04-22 08:53:23 — INFO — 
2024-04-22 08:53:23 — INFO — Updates available for packages: ['dbt-labs/dbt_utils']                 
Update your versions in packages.yml, then run dbt deps
2024-04-22 08:53:23 — DEBUG — Running dbt --log-format json run-operation elementary.log_macro_results --args {"macro_name": "elementary_cli.get_latest_invocation", "macro_args": {}} --project-dir /usr/local/lib/python3.9/site-packages/elementary/monitor/dbt_project --profiles-dir /root
2024-04-22 08:53:38 — DEBUG — Result bytes size for command '['dbt', '--log-format', 'json', 'run-operation', 'elementary.log_macro_results', '--args', '{"macro_name": "elementary_cli.get_latest_invocation", "macro_args": {}}', '--project-dir', '/usr/local/lib/python3.9/site-packages/elementary/monitor/dbt_project', '--profiles-dir', '/root']' is 3902
2024-04-22 08:53:38 — DEBUG — Running dbt --log-format json run-operation elementary.log_macro_results --args {"macro_name": "elementary_cli.get_adapter_type_and_unique_id", "macro_args": {}} --project-dir /usr/local/lib/python3.9/site-packages/elementary/monitor/dbt_project --profiles-dir /root
2024-04-22 08:53:44 — DEBUG — Result bytes size for command '['dbt', '--log-format', 'json', 'run-operation', 'elementary.log_macro_results', '--args', '{"macro_name": "elementary_cli.get_adapter_type_and_unique_id", "macro_args": {}}', '--project-dir', '/usr/local/lib/python3.9/site-packages/elementary/monitor/dbt_project', '--profiles-dir', '/root']' is 1508
2024-04-22 08:53:44 — INFO — edr (0.14.1) and Elementary's dbt package (0.14.1) are compatible.
2024-04-22 08:53:44 — DEBUG — Running dbt --log-format json run-operation elementary.log_macro_results --args {"macro_name": "elementary_cli.get_elementary_database_and_schema", "macro_args": {}} --project-dir /usr/local/lib/python3.9/site-packages/elementary/monitor/dbt_project --profiles-dir /root
2024-04-22 08:53:50 — DEBUG — Result bytes size for command '['dbt', '--log-format', 'json', 'run-operation', 'elementary.log_macro_results', '--args', '{"macro_name": "elementary_cli.get_elementary_database_and_schema", "macro_args": {}}', '--project-dir', '/usr/local/lib/python3.9/site-packages/elementary/monitor/dbt_project', '--profiles-dir', '/root']' is 1500
2024-04-22 08:53:50 — INFO — Elementary's database and schema: '"destination_db.public_elementary"'
2024-04-22 08:53:50 — INFO — Running dbt --log-format json run-operation elementary.log_macro_results --args {"macro_name": "elementary_cli.get_test_results", "macro_args": {"days_back": 7, "invocations_per_test": 720, "disable_passed_test_metrics": false}} --project-dir /usr/local/lib/python3.9/site-packages/elementary/monitor/dbt_project --profiles-dir /root
2024-04-22 08:53:56 — DEBUG — Result bytes size for command '['dbt', '--log-format', 'json', 'run-operation', 'elementary.log_macro_results', '--args', '{"macro_name": "elementary_cli.get_test_results", "macro_args": {"days_back": 7, "invocations_per_test": 720, "disable_passed_test_metrics": false}}', '--project-dir', '/usr/local/lib/python3.9/site-packages/elementary/monitor/dbt_project', '--profiles-dir', '/root']' is 50654
2024-04-22 08:53:56 — INFO — Running dbt --log-format json run-operation elementary.log_macro_results --args {"macro_name": "elementary_cli.get_source_freshness_results", "macro_args": {"days_back": 7, "invocations_per_test": 720}} --project-dir /usr/local/lib/python3.9/site-packages/elementary/monitor/dbt_project --profiles-dir /root
2024-04-22 08:54:02 — DEBUG — Result bytes size for command '['dbt', '--log-format', 'json', 'run-operation', 'elementary.log_macro_results', '--args', '{"macro_name": "elementary_cli.get_source_freshness_results", "macro_args": {"days_back": 7, "invocations_per_test": 720}}', '--project-dir', '/usr/local/lib/python3.9/site-packages/elementary/monitor/dbt_project', '--profiles-dir', '/root']' is 1432
2024-04-22 08:54:02 — INFO — Running dbt --log-format json run-operation elementary.log_macro_results --args {"macro_name": "elementary_cli.get_models", "macro_args": {"exclude_elementary": true}} --project-dir /usr/local/lib/python3.9/site-packages/elementary/monitor/dbt_project --profiles-dir /root
2024-04-22 08:54:09 — DEBUG — Result bytes size for command '['dbt', '--log-format', 'json', 'run-operation', 'elementary.log_macro_results', '--args', '{"macro_name": "elementary_cli.get_models", "macro_args": {"exclude_elementary": true}}', '--project-dir', '/usr/local/lib/python3.9/site-packages/elementary/monitor/dbt_project', '--profiles-dir', '/root']' is 10028
2024-04-22 08:54:09 — INFO — Running dbt --log-format json run-operation elementary.log_macro_results --args {"macro_name": "elementary_cli.get_sources", "macro_args": {}} --project-dir /usr/local/lib/python3.9/site-packages/elementary/monitor/dbt_project --profiles-dir /root
2024-04-22 08:54:15 — DEBUG — Result bytes size for command '['dbt', '--log-format', 'json', 'run-operation', 'elementary.log_macro_results', '--args', '{"macro_name": "elementary_cli.get_sources", "macro_args": {}}', '--project-dir', '/usr/local/lib/python3.9/site-packages/elementary/monitor/dbt_project', '--profiles-dir', '/root']' is 3790
2024-04-22 08:54:15 — INFO — Running dbt --log-format json run-operation elementary.log_macro_results --args {"macro_name": "elementary_cli.get_exposures", "macro_args": {}} --project-dir /usr/local/lib/python3.9/site-packages/elementary/monitor/dbt_project --profiles-dir /root
2024-04-22 08:54:22 — DEBUG — Result bytes size for command '['dbt', '--log-format', 'json', 'run-operation', 'elementary.log_macro_results', '--args', '{"macro_name": "elementary_cli.get_exposures", "macro_args": {}}', '--project-dir', '/usr/local/lib/python3.9/site-packages/elementary/monitor/dbt_project', '--profiles-dir', '/root']' is 1432
2024-04-22 08:54:22 — INFO — Running dbt --log-format json run-operation elementary.log_macro_results --args {"macro_name": "elementary_cli.get_models_runs", "macro_args": {"days_back": 7, "exclude_elementary": true}} --project-dir /usr/local/lib/python3.9/site-packages/elementary/monitor/dbt_project --profiles-dir /root
2024-04-22 08:54:28 — DEBUG — Result bytes size for command '['dbt', '--log-format', 'json', 'run-operation', 'elementary.log_macro_results', '--args', '{"macro_name": "elementary_cli.get_models_runs", "macro_args": {"days_back": 7, "exclude_elementary": true}}', '--project-dir', '/usr/local/lib/python3.9/site-packages/elementary/monitor/dbt_project', '--profiles-dir', '/root']' is 17062
2024-04-22 08:54:28 — INFO — Running dbt --log-format json run-operation elementary.log_macro_results --args {"macro_name": "elementary_cli.get_dbt_models_test_coverage", "macro_args": {}} --project-dir /usr/local/lib/python3.9/site-packages/elementary/monitor/dbt_project --profiles-dir /root
2024-04-22 08:54:33 — DEBUG — Result bytes size for command '['dbt', '--log-format', 'json', 'run-operation', 'elementary.log_macro_results', '--args', '{"macro_name": "elementary_cli.get_dbt_models_test_coverage", "macro_args": {}}', '--project-dir', '/usr/local/lib/python3.9/site-packages/elementary/monitor/dbt_project', '--profiles-dir', '/root']' is 1830
2024-04-22 08:54:34 — INFO — Running dbt --log-format json run-operation elementary.log_macro_results --args {"macro_name": "elementary_cli.get_nodes_depends_on_nodes", "macro_args": {"exclude_elementary": true}} --project-dir /usr/local/lib/python3.9/site-packages/elementary/monitor/dbt_project --profiles-dir /root
2024-04-22 08:54:41 — DEBUG — Result bytes size for command '['dbt', '--log-format', 'json', 'run-operation', 'elementary.log_macro_results', '--args', '{"macro_name": "elementary_cli.get_nodes_depends_on_nodes", "macro_args": {"exclude_elementary": true}}', '--project-dir', '/usr/local/lib/python3.9/site-packages/elementary/monitor/dbt_project', '--profiles-dir', '/root']' is 6530
2024-04-22 08:54:41 — INFO — Running dbt --log-format json run-operation elementary.log_macro_results --args {"macro_name": "elementary_cli.get_models_latest_invocation", "macro_args": {}} --project-dir /usr/local/lib/python3.9/site-packages/elementary/monitor/dbt_project --profiles-dir /root
2024-04-22 08:54:47 — DEBUG — Result bytes size for command '['dbt', '--log-format', 'json', 'run-operation', 'elementary.log_macro_results', '--args', '{"macro_name": "elementary_cli.get_models_latest_invocation", "macro_args": {}}', '--project-dir', '/usr/local/lib/python3.9/site-packages/elementary/monitor/dbt_project', '--profiles-dir', '/root']' is 10966
2024-04-22 08:54:47 — INFO — Running dbt --log-format json run-operation elementary.log_macro_results --args {"macro_name": "elementary_cli.get_models_latest_invocations_data", "macro_args": {}} --project-dir /usr/local/lib/python3.9/site-packages/elementary/monitor/dbt_project --profiles-dir /root
2024-04-22 08:54:55 — DEBUG — Result bytes size for command '['dbt', '--log-format', 'json', 'run-operation', 'elementary.log_macro_results', '--args', '{"macro_name": "elementary_cli.get_models_latest_invocations_data", "macro_args": {}}', '--project-dir', '/usr/local/lib/python3.9/site-packages/elementary/monitor/dbt_project', '--profiles-dir', '/root']' is 2316
2024-04-22 09:40:22 — INFO — Running with edr=0.14.1
2024-04-22 09:40:22 — INFO — Installing packages for edr internal dbt package...
2024-04-22 09:40:22 — INFO — Running dbt --log-format json deps --project-dir /usr/local/lib/python3.9/site-packages/elementary/monitor/dbt_project --profiles-dir /root
2024-04-22 09:40:31 — DEBUG — Result bytes size for command '['dbt', '--log-format', 'json', 'deps', '--project-dir', '/usr/local/lib/python3.9/site-packages/elementary/monitor/dbt_project', '--profiles-dir', '/root']' is 3336
2024-04-22 09:40:31 — INFO — Running with dbt=1.7.13
2024-04-22 09:40:31 — INFO — Updating lock file in file path: /usr/local/lib/python3.9/site-packages/elementary/monitor/dbt_project/package-lock.yml
2024-04-22 09:40:31 — INFO — Installing dbt-labs/dbt_utils
2024-04-22 09:40:31 — INFO — Installed from version 0.8.6
2024-04-22 09:40:31 — INFO — Updated version available: 1.1.1
2024-04-22 09:40:31 — INFO — Installing elementary-data/elementary
2024-04-22 09:40:31 — INFO — Installed from version 0.14.1
2024-04-22 09:40:31 — INFO — Up to date!
2024-04-22 09:40:31 — INFO — 
2024-04-22 09:40:31 — INFO — Updates available for packages: ['dbt-labs/dbt_utils']                 
Update your versions in packages.yml, then run dbt deps
2024-04-22 09:40:31 — DEBUG — Running dbt --log-format json run-operation elementary.log_macro_results --args {"macro_name": "elementary_cli.get_latest_invocation", "macro_args": {}} --project-dir /usr/local/lib/python3.9/site-packages/elementary/monitor/dbt_project --profiles-dir /root
2024-04-22 09:40:47 — DEBUG — Result bytes size for command '['dbt', '--log-format', 'json', 'run-operation', 'elementary.log_macro_results', '--args', '{"macro_name": "elementary_cli.get_latest_invocation", "macro_args": {}}', '--project-dir', '/usr/local/lib/python3.9/site-packages/elementary/monitor/dbt_project', '--profiles-dir', '/root']' is 3902
2024-04-22 09:40:47 — DEBUG — Running dbt --log-format json run-operation elementary.log_macro_results --args {"macro_name": "elementary_cli.get_adapter_type_and_unique_id", "macro_args": {}} --project-dir /usr/local/lib/python3.9/site-packages/elementary/monitor/dbt_project --profiles-dir /root
2024-04-22 09:40:54 — DEBUG — Result bytes size for command '['dbt', '--log-format', 'json', 'run-operation', 'elementary.log_macro_results', '--args', '{"macro_name": "elementary_cli.get_adapter_type_and_unique_id", "macro_args": {}}', '--project-dir', '/usr/local/lib/python3.9/site-packages/elementary/monitor/dbt_project', '--profiles-dir', '/root']' is 1508
2024-04-22 09:40:54 — INFO — edr (0.14.1) and Elementary's dbt package (0.14.1) are compatible.
2024-04-22 09:40:54 — DEBUG — Running dbt --log-format json run-operation elementary.log_macro_results --args {"macro_name": "elementary_cli.get_elementary_database_and_schema", "macro_args": {}} --project-dir /usr/local/lib/python3.9/site-packages/elementary/monitor/dbt_project --profiles-dir /root
2024-04-22 09:41:01 — DEBUG — Result bytes size for command '['dbt', '--log-format', 'json', 'run-operation', 'elementary.log_macro_results', '--args', '{"macro_name": "elementary_cli.get_elementary_database_and_schema", "macro_args": {}}', '--project-dir', '/usr/local/lib/python3.9/site-packages/elementary/monitor/dbt_project', '--profiles-dir', '/root']' is 1500
2024-04-22 09:41:01 — INFO — Elementary's database and schema: '"destination_db.public_elementary"'
2024-04-22 09:41:01 — INFO — Running dbt --log-format json run-operation elementary.log_macro_results --args {"macro_name": "elementary_cli.get_test_results", "macro_args": {"days_back": 7, "invocations_per_test": 720, "disable_passed_test_metrics": false}} --project-dir /usr/local/lib/python3.9/site-packages/elementary/monitor/dbt_project --profiles-dir /root
2024-04-22 09:41:09 — DEBUG — Result bytes size for command '['dbt', '--log-format', 'json', 'run-operation', 'elementary.log_macro_results', '--args', '{"macro_name": "elementary_cli.get_test_results", "macro_args": {"days_back": 7, "invocations_per_test": 720, "disable_passed_test_metrics": false}}', '--project-dir', '/usr/local/lib/python3.9/site-packages/elementary/monitor/dbt_project', '--profiles-dir', '/root']' is 50654
2024-04-22 09:41:09 — INFO — Running dbt --log-format json run-operation elementary.log_macro_results --args {"macro_name": "elementary_cli.get_source_freshness_results", "macro_args": {"days_back": 7, "invocations_per_test": 720}} --project-dir /usr/local/lib/python3.9/site-packages/elementary/monitor/dbt_project --profiles-dir /root
2024-04-22 09:41:16 — DEBUG — Result bytes size for command '['dbt', '--log-format', 'json', 'run-operation', 'elementary.log_macro_results', '--args', '{"macro_name": "elementary_cli.get_source_freshness_results", "macro_args": {"days_back": 7, "invocations_per_test": 720}}', '--project-dir', '/usr/local/lib/python3.9/site-packages/elementary/monitor/dbt_project', '--profiles-dir', '/root']' is 1432
2024-04-22 09:41:16 — INFO — Running dbt --log-format json run-operation elementary.log_macro_results --args {"macro_name": "elementary_cli.get_models", "macro_args": {"exclude_elementary": true}} --project-dir /usr/local/lib/python3.9/site-packages/elementary/monitor/dbt_project --profiles-dir /root
2024-04-22 09:41:23 — DEBUG — Result bytes size for command '['dbt', '--log-format', 'json', 'run-operation', 'elementary.log_macro_results', '--args', '{"macro_name": "elementary_cli.get_models", "macro_args": {"exclude_elementary": true}}', '--project-dir', '/usr/local/lib/python3.9/site-packages/elementary/monitor/dbt_project', '--profiles-dir', '/root']' is 10028
2024-04-22 09:41:23 — INFO — Running dbt --log-format json run-operation elementary.log_macro_results --args {"macro_name": "elementary_cli.get_sources", "macro_args": {}} --project-dir /usr/local/lib/python3.9/site-packages/elementary/monitor/dbt_project --profiles-dir /root
2024-04-22 09:41:30 — DEBUG — Result bytes size for command '['dbt', '--log-format', 'json', 'run-operation', 'elementary.log_macro_results', '--args', '{"macro_name": "elementary_cli.get_sources", "macro_args": {}}', '--project-dir', '/usr/local/lib/python3.9/site-packages/elementary/monitor/dbt_project', '--profiles-dir', '/root']' is 3790
2024-04-22 09:41:30 — INFO — Running dbt --log-format json run-operation elementary.log_macro_results --args {"macro_name": "elementary_cli.get_exposures", "macro_args": {}} --project-dir /usr/local/lib/python3.9/site-packages/elementary/monitor/dbt_project --profiles-dir /root
2024-04-22 09:41:38 — DEBUG — Result bytes size for command '['dbt', '--log-format', 'json', 'run-operation', 'elementary.log_macro_results', '--args', '{"macro_name": "elementary_cli.get_exposures", "macro_args": {}}', '--project-dir', '/usr/local/lib/python3.9/site-packages/elementary/monitor/dbt_project', '--profiles-dir', '/root']' is 1432
2024-04-22 09:41:38 — INFO — Running dbt --log-format json run-operation elementary.log_macro_results --args {"macro_name": "elementary_cli.get_models_runs", "macro_args": {"days_back": 7, "exclude_elementary": true}} --project-dir /usr/local/lib/python3.9/site-packages/elementary/monitor/dbt_project --profiles-dir /root
2024-04-22 09:41:45 — DEBUG — Result bytes size for command '['dbt', '--log-format', 'json', 'run-operation', 'elementary.log_macro_results', '--args', '{"macro_name": "elementary_cli.get_models_runs", "macro_args": {"days_back": 7, "exclude_elementary": true}}', '--project-dir', '/usr/local/lib/python3.9/site-packages/elementary/monitor/dbt_project', '--profiles-dir', '/root']' is 17062
2024-04-22 09:41:45 — INFO — Running dbt --log-format json run-operation elementary.log_macro_results --args {"macro_name": "elementary_cli.get_dbt_models_test_coverage", "macro_args": {}} --project-dir /usr/local/lib/python3.9/site-packages/elementary/monitor/dbt_project --profiles-dir /root
2024-04-22 09:41:53 — DEBUG — Result bytes size for command '['dbt', '--log-format', 'json', 'run-operation', 'elementary.log_macro_results', '--args', '{"macro_name": "elementary_cli.get_dbt_models_test_coverage", "macro_args": {}}', '--project-dir', '/usr/local/lib/python3.9/site-packages/elementary/monitor/dbt_project', '--profiles-dir', '/root']' is 1830
2024-04-22 09:41:53 — INFO — Running dbt --log-format json run-operation elementary.log_macro_results --args {"macro_name": "elementary_cli.get_nodes_depends_on_nodes", "macro_args": {"exclude_elementary": true}} --project-dir /usr/local/lib/python3.9/site-packages/elementary/monitor/dbt_project --profiles-dir /root
2024-04-22 09:42:11 — DEBUG — Result bytes size for command '['dbt', '--log-format', 'json', 'run-operation', 'elementary.log_macro_results', '--args', '{"macro_name": "elementary_cli.get_nodes_depends_on_nodes", "macro_args": {"exclude_elementary": true}}', '--project-dir', '/usr/local/lib/python3.9/site-packages/elementary/monitor/dbt_project', '--profiles-dir', '/root']' is 6530
2024-04-22 09:42:11 — INFO — Running dbt --log-format json run-operation elementary.log_macro_results --args {"macro_name": "elementary_cli.get_models_latest_invocation", "macro_args": {}} --project-dir /usr/local/lib/python3.9/site-packages/elementary/monitor/dbt_project --profiles-dir /root
2024-04-22 09:42:29 — DEBUG — Result bytes size for command '['dbt', '--log-format', 'json', 'run-operation', 'elementary.log_macro_results', '--args', '{"macro_name": "elementary_cli.get_models_latest_invocation", "macro_args": {}}', '--project-dir', '/usr/local/lib/python3.9/site-packages/elementary/monitor/dbt_project', '--profiles-dir', '/root']' is 10966
2024-04-22 09:42:29 — INFO — Running dbt --log-format json run-operation elementary.log_macro_results --args {"macro_name": "elementary_cli.get_models_latest_invocations_data", "macro_args": {}} --project-dir /usr/local/lib/python3.9/site-packages/elementary/monitor/dbt_project --profiles-dir /root
2024-04-22 09:42:36 — DEBUG — Result bytes size for command '['dbt', '--log-format', 'json', 'run-operation', 'elementary.log_macro_results', '--args', '{"macro_name": "elementary_cli.get_models_latest_invocations_data", "macro_args": {}}', '--project-dir', '/usr/local/lib/python3.9/site-packages/elementary/monitor/dbt_project', '--profiles-dir', '/root']' is 2316
